2013/10/10 17:30:37 [error] [exception.CException] exception 'CException' with message 'La propiedad "LoginForm"."Recordarme la próxima vez" no se encuentra definida.' in C:\xampp\htdocs\yii\framework\base\CComponent.php:130
Stack trace:
#0 C:\xampp\htdocs\yii\framework\web\helpers\CHtml.php(2529): CComponent->__get('Recordarme la p...')
#1 C:\xampp\htdocs\yii\framework\web\helpers\CHtml.php(1743): CHtml::resolveValue(Object(LoginForm), 'Recordarme la p...')
#2 C:\xampp\htdocs\yii\framework\web\widgets\CActiveForm.php(831): CHtml::activeCheckBox(Object(LoginForm), 'Recordarme la p...', Array)
#3 C:\xampp\htdocs\notas\protected\views\site\login.php(43): CActiveForm->checkBox(Object(LoginForm), 'Recordarme la p...')
#4 C:\xampp\htdocs\yii\framework\web\CBaseController.php(126): require('C:\xampp\htdocs...')
#5 C:\xampp\htdocs\yii\framework\web\CBaseController.php(95): CBaseController->renderInternal('C:\xampp\htdocs...', Array, true)
#6 C:\xampp\htdocs\yii\framework\web\CController.php(869): CBaseController->renderFile('C:\xampp\htdocs...', Array, true)
#7 C:\xampp\htdocs\yii\framework\web\CController.php(782): CController->renderPartial('login', Array, true)
#8 C:\xampp\htdocs\notas\protected\controllers\SiteController.php(98): CController->render('login', Array)
#9 C:\xampp\htdocs\yii\framework\web\actions\CInlineAction.php(49): SiteController->actionLogin()
#10 C:\xampp\htdocs\yii\framework\web\CController.php(308): CInlineAction->runWithParams(Array)
#11 C:\xampp\htdocs\yii\framework\web\CController.php(286): CController->runAction(Object(CInlineAction))
#12 C:\xampp\htdocs\yii\framework\web\CController.php(265): CController->runActionWithFilters(Object(CInlineAction), Array)
#13 C:\xampp\htdocs\yii\framework\web\CWebApplication.php(282): CController->run('login')
#14 C:\xampp\htdocs\yii\framework\web\CWebApplication.php(141): CWebApplication->runController('site/login')
#15 C:\xampp\htdocs\yii\framework\base\CApplication.php(180): CWebApplication->processRequest()
#16 C:\xampp\htdocs\notas\index.php(13): CApplication->run()
#17 {main}
REQUEST_URI=/notas/index.php?r=site/login
HTTP_REFERER=http://localhost:78/notas/?r=user
---
2013/10/10 18:16:02 [error] [exception.CHttpException.404] exception 'CHttpException' with message 'El sistema no ha podido encontrar la acción "crear" solicitada.' in C:\xampp\htdocs\yii\framework\web\CController.php:483
Stack trace:
#0 C:\xampp\htdocs\yii\framework\web\CController.php(270): CController->missingAction('crear')
#1 C:\xampp\htdocs\yii\framework\web\CWebApplication.php(282): CController->run('crear')
#2 C:\xampp\htdocs\yii\framework\web\CWebApplication.php(141): CWebApplication->runController('user/crear')
#3 C:\xampp\htdocs\yii\framework\base\CApplication.php(180): CWebApplication->processRequest()
#4 C:\xampp\htdocs\notas\index.php(13): CApplication->run()
#5 {main}
REQUEST_URI=/notas/index.php?r=user/crear
HTTP_REFERER=http://localhost:78/notas/index.php?r=user/index
---
2013/10/10 18:16:16 [error] [exception.CHttpException.404] exception 'CHttpException' with message 'El sistema no ha podido encontrar la acción "crear" solicitada.' in C:\xampp\htdocs\yii\framework\web\CController.php:483
Stack trace:
#0 C:\xampp\htdocs\yii\framework\web\CController.php(270): CController->missingAction('crear')
#1 C:\xampp\htdocs\yii\framework\web\CWebApplication.php(282): CController->run('crear')
#2 C:\xampp\htdocs\yii\framework\web\CWebApplication.php(141): CWebApplication->runController('user/crear')
#3 C:\xampp\htdocs\yii\framework\base\CApplication.php(180): CWebApplication->processRequest()
#4 C:\xampp\htdocs\notas\index.php(13): CApplication->run()
#5 {main}
REQUEST_URI=/notas/index.php?r=user/crear
HTTP_REFERER=http://localhost:78/notas/index.php?r=user/index
---
2013/10/10 18:19:27 [error] [exception.CException] exception 'CException' with message 'La propiedad "user"."usuario" no se encuentra definida.' in C:\xampp\htdocs\yii\framework\base\CComponent.php:130
Stack trace:
#0 C:\xampp\htdocs\yii\framework\db\ar\CActiveRecord.php(145): CComponent->__get('usuario')
#1 C:\xampp\htdocs\yii\framework\web\helpers\CHtml.php(2529): CActiveRecord->__get('usuario')
#2 C:\xampp\htdocs\yii\framework\web\helpers\CHtml.php(2252): CHtml::resolveValue(Object(user), 'usuario')
#3 C:\xampp\htdocs\yii\framework\web\helpers\CHtml.php(1434): CHtml::activeInputField('text', Object(user), 'usuario', Array)
#4 C:\xampp\htdocs\yii\framework\zii\widgets\grid\CDataColumn.php(103): CHtml::activeTextField(Object(user), 'usuario', Array)
#5 C:\xampp\htdocs\yii\framework\zii\widgets\grid\CGridColumn.php(116): CDataColumn->renderFilterCellContent()
#6 C:\xampp\htdocs\yii\framework\zii\widgets\grid\CGridView.php(532): CGridColumn->renderFilterCell()
#7 C:\xampp\htdocs\yii\framework\zii\widgets\grid\CGridView.php(510): CGridView->renderFilter()
#8 C:\xampp\htdocs\yii\framework\zii\widgets\grid\CGridView.php(480): CGridView->renderTableHeader()
#9 C:\xampp\htdocs\yii\framework\zii\widgets\CBaseListView.php(167): CGridView->renderItems()
#10 C:\xampp\htdocs\yii\framework\zii\widgets\CBaseListView.php(150): CBaseListView->renderSection(Array)
#11 C:\xampp\htdocs\yii\framework\zii\widgets\CBaseListView.php(135): CBaseListView->renderContent('/{(\w+)}/', Array, '{summary}?{item...')
#12 C:\xampp\htdocs\yii\framework\web\CBaseController.php(173): CBaseListView->run()
#13 C:\xampp\htdocs\notas\protected\views\user\admin.php(53): CBaseController->widget()
#14 C:\xampp\htdocs\yii\framework\web\CBaseController.php(126): require('C:\xampp\htdocs...')
#15 C:\xampp\htdocs\yii\framework\web\CBaseController.php(95): CBaseController->renderInternal('zii.widgets.gri...', Array)
#16 C:\xampp\htdocs\yii\framework\web\CController.php(869): CBaseController->renderFile('C:\xampp\htdocs...', Array, true)
#17 C:\xampp\htdocs\yii\framework\web\CController.php(782): CController->renderPartial('C:\xampp\htdocs...', Array, true)
#18 C:\xampp\htdocs\notas\protected\controllers\UserController.php(150): CController->render('admin', Array, true)
#19 C:\xampp\htdocs\yii\framework\web\actions\CInlineAction.php(49): UserController->actionAdmin('admin', Array)
#20 C:\xampp\htdocs\yii\framework\web\CController.php(308): CInlineAction->runWithParams()
#21 C:\xampp\htdocs\yii\framework\web\filters\CFilterChain.php(133): CController->runAction(Array)
#22 C:\xampp\htdocs\yii\framework\web\filters\CFilter.php(40): CFilterChain->run(Object(CInlineAction))
#23 C:\xampp\htdocs\yii\framework\web\CController.php(1145): CFilter->filter()
#24 C:\xampp\htdocs\yii\framework\web\filters\CInlineFilter.php(58): CController->filterAccessControl(Object(CFilterChain))
#25 C:\xampp\htdocs\yii\framework\web\filters\CFilterChain.php(130): CInlineFilter->filter(Object(CFilterChain))
#26 C:\xampp\htdocs\yii\framework\web\CController.php(291): CFilterChain->run(Object(CFilterChain))
#27 C:\xampp\htdocs\yii\framework\web\CController.php(265): CController->runActionWithFilters()
#28 C:\xampp\htdocs\yii\framework\web\CWebApplication.php(282): CController->run(Object(CInlineAction), Array)
#29 C:\xampp\htdocs\yii\framework\web\CWebApplication.php(141): CWebApplication->runController('admin')
#30 C:\xampp\htdocs\yii\framework\base\CApplication.php(180): CWebApplication->processRequest('user/admin')
#31 C:\xampp\htdocs\notas\index.php(13): CApplication->run()
#32 {main}
REQUEST_URI=/notas/index.php?r=user/admin
HTTP_REFERER=http://localhost:78/notas/index.php?r=user/create
---
2013/10/11 10:24:24 [error] [exception.CHttpException.403] exception 'CHttpException' with message 'Usted no se encuentra autorizado a realizar esta acción.' in C:\xampp\htdocs\yii\framework\web\auth\CAccessControlFilter.php:182
Stack trace:
#0 C:\xampp\htdocs\yii\framework\web\auth\CAccessControlFilter.php(145): CAccessControlFilter->accessDenied(Object(CWebUser), 'Usted no se enc...')
#1 C:\xampp\htdocs\yii\framework\web\filters\CFilter.php(38): CAccessControlFilter->preFilter(Object(CFilterChain))
#2 C:\xampp\htdocs\yii\framework\web\CController.php(1145): CFilter->filter(Object(CFilterChain))
#3 C:\xampp\htdocs\yii\framework\web\filters\CInlineFilter.php(58): CController->filterAccessControl(Object(CFilterChain))
#4 C:\xampp\htdocs\yii\framework\web\filters\CFilterChain.php(130): CInlineFilter->filter(Object(CFilterChain))
#5 C:\xampp\htdocs\yii\framework\web\CController.php(291): CFilterChain->run()
#6 C:\xampp\htdocs\yii\framework\web\CController.php(265): CController->runActionWithFilters(Object(CInlineAction), Array)
#7 C:\xampp\htdocs\yii\framework\web\CWebApplication.php(282): CController->run('admin')
#8 C:\xampp\htdocs\yii\framework\web\CWebApplication.php(141): CWebApplication->runController('user/admin')
#9 C:\xampp\htdocs\yii\framework\base\CApplication.php(180): CWebApplication->processRequest()
#10 C:\xampp\htdocs\notas\index.php(13): CApplication->run()
#11 {main}
REQUEST_URI=/notas/index.php?r=user/admin
HTTP_REFERER=http://localhost:78/notas/index.php
---
2013/10/11 10:24:37 [error] [exception.CHttpException.403] exception 'CHttpException' with message 'Usted no se encuentra autorizado a realizar esta acción.' in C:\xampp\htdocs\yii\framework\web\auth\CAccessControlFilter.php:182
Stack trace:
#0 C:\xampp\htdocs\yii\framework\web\auth\CAccessControlFilter.php(145): CAccessControlFilter->accessDenied(Object(CWebUser), 'Usted no se enc...')
#1 C:\xampp\htdocs\yii\framework\web\filters\CFilter.php(38): CAccessControlFilter->preFilter(Object(CFilterChain))
#2 C:\xampp\htdocs\yii\framework\web\CController.php(1145): CFilter->filter(Object(CFilterChain))
#3 C:\xampp\htdocs\yii\framework\web\filters\CInlineFilter.php(58): CController->filterAccessControl(Object(CFilterChain))
#4 C:\xampp\htdocs\yii\framework\web\filters\CFilterChain.php(130): CInlineFilter->filter(Object(CFilterChain))
#5 C:\xampp\htdocs\yii\framework\web\CController.php(291): CFilterChain->run()
#6 C:\xampp\htdocs\yii\framework\web\CController.php(265): CController->runActionWithFilters(Object(CInlineAction), Array)
#7 C:\xampp\htdocs\yii\framework\web\CWebApplication.php(282): CController->run('admin')
#8 C:\xampp\htdocs\yii\framework\web\CWebApplication.php(141): CWebApplication->runController('user/admin')
#9 C:\xampp\htdocs\yii\framework\base\CApplication.php(180): CWebApplication->processRequest()
#10 C:\xampp\htdocs\notas\index.php(13): CApplication->run()
#11 {main}
REQUEST_URI=/notas/index.php?r=user/admin
HTTP_REFERER=http://localhost:78/notas/index.php?r=site/index
---
2013/10/11 11:01:02 [error] [exception.CHttpException.404] exception 'CHttpException' with message 'No es posible resolver la solicitud "notebook"' in C:\xampp\htdocs\yii\framework\web\CWebApplication.php:286
Stack trace:
#0 C:\xampp\htdocs\yii\framework\web\CWebApplication.php(141): CWebApplication->runController('notebook')
#1 C:\xampp\htdocs\yii\framework\base\CApplication.php(180): CWebApplication->processRequest()
#2 C:\xampp\htdocs\notas\index.php(13): CApplication->run()
#3 {main}
REQUEST_URI=/notas/index.php?r=notebook
---
2013/10/11 11:01:10 [error] [exception.CHttpException.404] exception 'CHttpException' with message 'No es posible resolver la solicitud "notebook"' in C:\xampp\htdocs\yii\framework\web\CWebApplication.php:286
Stack trace:
#0 C:\xampp\htdocs\yii\framework\web\CWebApplication.php(141): CWebApplication->runController('notebook')
#1 C:\xampp\htdocs\yii\framework\base\CApplication.php(180): CWebApplication->processRequest()
#2 C:\xampp\htdocs\notas\index.php(13): CApplication->run()
#3 {main}
REQUEST_URI=/notas/index.php/?r=notebook
---
2013/10/11 11:36:54 [error] [exception.CException] exception 'CException' with message 'CActiveForm y sus behaviors no tienen un método o closure llamado "textareaField".' in C:\xampp\htdocs\yii\framework\base\CComponent.php:266
Stack trace:
#0 [internal function]: CComponent->__call('textareaField', Array)
#1 C:\xampp\htdocs\notas\protected\views\notebook\_form.php(25): CActiveForm->textareaField(Object(notebook), 'descripcion', Array)
#2 C:\xampp\htdocs\yii\framework\web\CBaseController.php(126): require('C:\xampp\htdocs...')
#3 C:\xampp\htdocs\yii\framework\web\CBaseController.php(95): CBaseController->renderInternal('C:\xampp\htdocs...', Array, true)
#4 C:\xampp\htdocs\yii\framework\web\CController.php(869): CBaseController->renderFile('C:\xampp\htdocs...', Array, true)
#5 C:\xampp\htdocs\notas\protected\views\notebook\create.php(15): CController->renderPartial('_form', Array)
#6 C:\xampp\htdocs\yii\framework\web\CBaseController.php(126): require('C:\xampp\htdocs...')
#7 C:\xampp\htdocs\yii\framework\web\CBaseController.php(95): CBaseController->renderInternal('C:\xampp\htdocs...', Array, true)
#8 C:\xampp\htdocs\yii\framework\web\CController.php(869): CBaseController->renderFile('C:\xampp\htdocs...', Array, true)
#9 C:\xampp\htdocs\yii\framework\web\CController.php(782): CController->renderPartial('create', Array, true)
#10 C:\xampp\htdocs\notas\protected\controllers\NotebookController.php(82): CController->render('create', Array)
#11 C:\xampp\htdocs\yii\framework\web\actions\CInlineAction.php(49): NotebookController->actionCreate()
#12 C:\xampp\htdocs\yii\framework\web\CController.php(308): CInlineAction->runWithParams(Array)
#13 C:\xampp\htdocs\yii\framework\web\filters\CFilterChain.php(133): CController->runAction(Object(CInlineAction))
#14 C:\xampp\htdocs\yii\framework\web\filters\CFilter.php(40): CFilterChain->run()
#15 C:\xampp\htdocs\yii\framework\web\CController.php(1145): CFilter->filter(Object(CFilterChain))
#16 C:\xampp\htdocs\yii\framework\web\filters\CInlineFilter.php(58): CController->filterAccessControl(Object(CFilterChain))
#17 C:\xampp\htdocs\yii\framework\web\filters\CFilterChain.php(130): CInlineFilter->filter(Object(CFilterChain))
#18 C:\xampp\htdocs\yii\framework\web\CController.php(291): CFilterChain->run()
#19 C:\xampp\htdocs\yii\framework\web\CController.php(265): CController->runActionWithFilters(Object(CInlineAction), Array)
#20 C:\xampp\htdocs\yii\framework\web\CWebApplication.php(282): CController->run('create')
#21 C:\xampp\htdocs\yii\framework\web\CWebApplication.php(141): CWebApplication->runController('notebook/create')
#22 C:\xampp\htdocs\yii\framework\base\CApplication.php(180): CWebApplication->processRequest()
#23 C:\xampp\htdocs\notas\index.php(13): CApplication->run()
#24 {main}
REQUEST_URI=/notas/index.php?r=notebook/create
HTTP_REFERER=http://localhost:78/notas/index.php?r=notebook/index
---
2013/10/11 11:36:59 [error] [exception.CException] exception 'CException' with message 'CActiveForm y sus behaviors no tienen un método o closure llamado "textAreaField".' in C:\xampp\htdocs\yii\framework\base\CComponent.php:266
Stack trace:
#0 [internal function]: CComponent->__call('textAreaField', Array)
#1 C:\xampp\htdocs\notas\protected\views\notebook\_form.php(25): CActiveForm->textAreaField(Object(notebook), 'descripcion', Array)
#2 C:\xampp\htdocs\yii\framework\web\CBaseController.php(126): require('C:\xampp\htdocs...')
#3 C:\xampp\htdocs\yii\framework\web\CBaseController.php(95): CBaseController->renderInternal('C:\xampp\htdocs...', Array, true)
#4 C:\xampp\htdocs\yii\framework\web\CController.php(869): CBaseController->renderFile('C:\xampp\htdocs...', Array, true)
#5 C:\xampp\htdocs\notas\protected\views\notebook\create.php(15): CController->renderPartial('_form', Array)
#6 C:\xampp\htdocs\yii\framework\web\CBaseController.php(126): require('C:\xampp\htdocs...')
#7 C:\xampp\htdocs\yii\framework\web\CBaseController.php(95): CBaseController->renderInternal('C:\xampp\htdocs...', Array, true)
#8 C:\xampp\htdocs\yii\framework\web\CController.php(869): CBaseController->renderFile('C:\xampp\htdocs...', Array, true)
#9 C:\xampp\htdocs\yii\framework\web\CController.php(782): CController->renderPartial('create', Array, true)
#10 C:\xampp\htdocs\notas\protected\controllers\NotebookController.php(82): CController->render('create', Array)
#11 C:\xampp\htdocs\yii\framework\web\actions\CInlineAction.php(49): NotebookController->actionCreate()
#12 C:\xampp\htdocs\yii\framework\web\CController.php(308): CInlineAction->runWithParams(Array)
#13 C:\xampp\htdocs\yii\framework\web\filters\CFilterChain.php(133): CController->runAction(Object(CInlineAction))
#14 C:\xampp\htdocs\yii\framework\web\filters\CFilter.php(40): CFilterChain->run()
#15 C:\xampp\htdocs\yii\framework\web\CController.php(1145): CFilter->filter(Object(CFilterChain))
#16 C:\xampp\htdocs\yii\framework\web\filters\CInlineFilter.php(58): CController->filterAccessControl(Object(CFilterChain))
#17 C:\xampp\htdocs\yii\framework\web\filters\CFilterChain.php(130): CInlineFilter->filter(Object(CFilterChain))
#18 C:\xampp\htdocs\yii\framework\web\CController.php(291): CFilterChain->run()
#19 C:\xampp\htdocs\yii\framework\web\CController.php(265): CController->runActionWithFilters(Object(CInlineAction), Array)
#20 C:\xampp\htdocs\yii\framework\web\CWebApplication.php(282): CController->run('create')
#21 C:\xampp\htdocs\yii\framework\web\CWebApplication.php(141): CWebApplication->runController('notebook/create')
#22 C:\xampp\htdocs\yii\framework\base\CApplication.php(180): CWebApplication->processRequest()
#23 C:\xampp\htdocs\notas\index.php(13): CApplication->run()
#24 {main}
REQUEST_URI=/notas/index.php?r=notebook/create
HTTP_REFERER=http://localhost:78/notas/index.php?r=notebook/index
---
2013/10/11 11:38:11 [error] [exception.CException] exception 'CException' with message 'La propiedad "notebook"."0" no se encuentra definida.' in C:\xampp\htdocs\yii\framework\base\CComponent.php:130
Stack trace:
#0 C:\xampp\htdocs\yii\framework\db\ar\CActiveRecord.php(145): CComponent->__get('0')
#1 C:\xampp\htdocs\yii\framework\web\helpers\CHtml.php(2529): CActiveRecord->__get('0')
#2 C:\xampp\htdocs\yii\framework\web\helpers\CHtml.php(2252): CHtml::resolveValue(Object(notebook), '0')
#3 C:\xampp\htdocs\yii\framework\web\helpers\CHtml.php(1609): CHtml::activeInputField('hidden', Object(notebook), '0', Array)
#4 C:\xampp\htdocs\yii\framework\web\widgets\CActiveForm.php(756): CHtml::activeHiddenField(Object(notebook), '0', Array)
#5 C:\xampp\htdocs\notas\protected\views\notebook\_form.php(31): CActiveForm->hiddenField(Object(notebook), '0')
#6 C:\xampp\htdocs\yii\framework\web\CBaseController.php(126): require('C:\xampp\htdocs...')
#7 C:\xampp\htdocs\yii\framework\web\CBaseController.php(95): CBaseController->renderInternal('C:\xampp\htdocs...', Array, true)
#8 C:\xampp\htdocs\yii\framework\web\CController.php(869): CBaseController->renderFile('C:\xampp\htdocs...', Array, true)
#9 C:\xampp\htdocs\notas\protected\views\notebook\create.php(15): CController->renderPartial('_form', Array)
#10 C:\xampp\htdocs\yii\framework\web\CBaseController.php(126): require('C:\xampp\htdocs...')
#11 C:\xampp\htdocs\yii\framework\web\CBaseController.php(95): CBaseController->renderInternal('C:\xampp\htdocs...', Array, true)
#12 C:\xampp\htdocs\yii\framework\web\CController.php(869): CBaseController->renderFile('C:\xampp\htdocs...', Array, true)
#13 C:\xampp\htdocs\yii\framework\web\CController.php(782): CController->renderPartial('create', Array, true)
#14 C:\xampp\htdocs\notas\protected\controllers\NotebookController.php(82): CController->render('create', Array)
#15 C:\xampp\htdocs\yii\framework\web\actions\CInlineAction.php(49): NotebookController->actionCreate()
#16 C:\xampp\htdocs\yii\framework\web\CController.php(308): CInlineAction->runWithParams(Array)
#17 C:\xampp\htdocs\yii\framework\web\filters\CFilterChain.php(133): CController->runAction(Object(CInlineAction))
#18 C:\xampp\htdocs\yii\framework\web\filters\CFilter.php(40): CFilterChain->run()
#19 C:\xampp\htdocs\yii\framework\web\CController.php(1145): CFilter->filter(Object(CFilterChain))
#20 C:\xampp\htdocs\yii\framework\web\filters\CInlineFilter.php(58): CController->filterAccessControl(Object(CFilterChain))
#21 C:\xampp\htdocs\yii\framework\web\filters\CFilterChain.php(130): CInlineFilter->filter(Object(CFilterChain))
#22 C:\xampp\htdocs\yii\framework\web\CController.php(291): CFilterChain->run()
#23 C:\xampp\htdocs\yii\framework\web\CController.php(265): CController->runActionWithFilters(Object(CInlineAction), Array)
#24 C:\xampp\htdocs\yii\framework\web\CWebApplication.php(282): CController->run('create')
#25 C:\xampp\htdocs\yii\framework\web\CWebApplication.php(141): CWebApplication->runController('notebook/create')
#26 C:\xampp\htdocs\yii\framework\base\CApplication.php(180): CWebApplication->processRequest()
#27 C:\xampp\htdocs\notas\index.php(13): CApplication->run()
#28 {main}
REQUEST_URI=/notas/index.php?r=notebook/create
HTTP_REFERER=http://localhost:78/notas/index.php?r=notebook/index
---
2013/10/11 11:47:23 [error] [php] include(11/10/2013.php) [<a href='function.include'>function.include</a>]: failed to open stream: No such file or directory (C:\xampp\htdocs\yii\framework\YiiBase.php:427)
Stack trace:
#0 C:\xampp\htdocs\yii\framework\validators\CValidator.php(186): import()
#1 C:\xampp\htdocs\yii\framework\base\CModel.php(287): createValidator()
#2 C:\xampp\htdocs\yii\framework\base\CModel.php(260): notebook->createValidators()
#3 C:\xampp\htdocs\yii\framework\base\CModel.php(304): notebook->getValidators()
#4 C:\xampp\htdocs\yii\framework\web\helpers\CHtml.php(1414): notebook->isAttributeRequired()
#5 C:\xampp\htdocs\yii\framework\web\widgets\CActiveForm.php(597): activeLabelEx()
#6 C:\xampp\htdocs\notas\protected\views\notebook\_form.php(18): CActiveForm->labelEx()
#7 C:\xampp\htdocs\yii\framework\web\CBaseController.php(126): require()
#8 C:\xampp\htdocs\yii\framework\web\CBaseController.php(95): NotebookController->renderInternal()
#9 C:\xampp\htdocs\yii\framework\web\CController.php(869): NotebookController->renderFile()
#10 C:\xampp\htdocs\notas\protected\views\notebook\create.php(15): NotebookController->renderPartial()
#11 C:\xampp\htdocs\yii\framework\web\CBaseController.php(126): require()
#12 C:\xampp\htdocs\yii\framework\web\CBaseController.php(95): NotebookController->renderInternal()
#13 C:\xampp\htdocs\yii\framework\web\CController.php(869): NotebookController->renderFile()
#14 C:\xampp\htdocs\yii\framework\web\CController.php(782): NotebookController->renderPartial()
#15 C:\xampp\htdocs\notas\protected\controllers\NotebookController.php(82): NotebookController->render()
#16 C:\xampp\htdocs\yii\framework\web\actions\CInlineAction.php(49): NotebookController->actionCreate()
#17 C:\xampp\htdocs\yii\framework\web\CController.php(308): CInlineAction->runWithParams()
#18 C:\xampp\htdocs\yii\framework\web\filters\CFilterChain.php(133): NotebookController->runAction()
#19 C:\xampp\htdocs\yii\framework\web\filters\CFilter.php(40): CFilterChain->run()
#20 C:\xampp\htdocs\yii\framework\web\CController.php(1145): CAccessControlFilter->filter()
#21 C:\xampp\htdocs\yii\framework\web\filters\CInlineFilter.php(58): NotebookController->filterAccessControl()
#22 C:\xampp\htdocs\yii\framework\web\filters\CFilterChain.php(130): CInlineFilter->filter()
#23 C:\xampp\htdocs\yii\framework\web\CController.php(291): CFilterChain->run()
#24 C:\xampp\htdocs\yii\framework\web\CController.php(265): NotebookController->runActionWithFilters()
#25 C:\xampp\htdocs\yii\framework\web\CWebApplication.php(282): NotebookController->run()
#26 C:\xampp\htdocs\yii\framework\web\CWebApplication.php(141): CWebApplication->runController()
#27 C:\xampp\htdocs\yii\framework\base\CApplication.php(180): CWebApplication->processRequest()
#28 C:\xampp\htdocs\notas\index.php(13): CWebApplication->run()
REQUEST_URI=/notas/index.php?r=notebook/create
in C:\xampp\htdocs\notas\protected\views\notebook\_form.php (18)
in C:\xampp\htdocs\notas\protected\views\notebook\create.php (15)
in C:\xampp\htdocs\notas\protected\controllers\NotebookController.php (82)
2013/10/11 11:48:31 [error] [php] include(11/10/2013.php) [<a href='function.include'>function.include</a>]: failed to open stream: No such file or directory (C:\xampp\htdocs\yii\framework\YiiBase.php:427)
Stack trace:
#0 C:\xampp\htdocs\yii\framework\validators\CValidator.php(186): import()
#1 C:\xampp\htdocs\yii\framework\base\CModel.php(287): createValidator()
#2 C:\xampp\htdocs\yii\framework\base\CModel.php(260): notebook->createValidators()
#3 C:\xampp\htdocs\yii\framework\base\CModel.php(304): notebook->getValidators()
#4 C:\xampp\htdocs\yii\framework\web\helpers\CHtml.php(1414): notebook->isAttributeRequired()
#5 C:\xampp\htdocs\yii\framework\web\widgets\CActiveForm.php(597): activeLabelEx()
#6 C:\xampp\htdocs\notas\protected\views\notebook\_form.php(18): CActiveForm->labelEx()
#7 C:\xampp\htdocs\yii\framework\web\CBaseController.php(126): require()
#8 C:\xampp\htdocs\yii\framework\web\CBaseController.php(95): NotebookController->renderInternal()
#9 C:\xampp\htdocs\yii\framework\web\CController.php(869): NotebookController->renderFile()
#10 C:\xampp\htdocs\notas\protected\views\notebook\create.php(15): NotebookController->renderPartial()
#11 C:\xampp\htdocs\yii\framework\web\CBaseController.php(126): require()
#12 C:\xampp\htdocs\yii\framework\web\CBaseController.php(95): NotebookController->renderInternal()
#13 C:\xampp\htdocs\yii\framework\web\CController.php(869): NotebookController->renderFile()
#14 C:\xampp\htdocs\yii\framework\web\CController.php(782): NotebookController->renderPartial()
#15 C:\xampp\htdocs\notas\protected\controllers\NotebookController.php(82): NotebookController->render()
#16 C:\xampp\htdocs\yii\framework\web\actions\CInlineAction.php(49): NotebookController->actionCreate()
#17 C:\xampp\htdocs\yii\framework\web\CController.php(308): CInlineAction->runWithParams()
#18 C:\xampp\htdocs\yii\framework\web\filters\CFilterChain.php(133): NotebookController->runAction()
#19 C:\xampp\htdocs\yii\framework\web\filters\CFilter.php(40): CFilterChain->run()
#20 C:\xampp\htdocs\yii\framework\web\CController.php(1145): CAccessControlFilter->filter()
#21 C:\xampp\htdocs\yii\framework\web\filters\CInlineFilter.php(58): NotebookController->filterAccessControl()
#22 C:\xampp\htdocs\yii\framework\web\filters\CFilterChain.php(130): CInlineFilter->filter()
#23 C:\xampp\htdocs\yii\framework\web\CController.php(291): CFilterChain->run()
#24 C:\xampp\htdocs\yii\framework\web\CController.php(265): NotebookController->runActionWithFilters()
#25 C:\xampp\htdocs\yii\framework\web\CWebApplication.php(282): NotebookController->run()
#26 C:\xampp\htdocs\yii\framework\web\CWebApplication.php(141): CWebApplication->runController()
#27 C:\xampp\htdocs\yii\framework\base\CApplication.php(180): CWebApplication->processRequest()
#28 C:\xampp\htdocs\notas\index.php(13): CWebApplication->run()
REQUEST_URI=/notas/index.php?r=notebook/create
in C:\xampp\htdocs\notas\protected\views\notebook\_form.php (18)
in C:\xampp\htdocs\notas\protected\views\notebook\create.php (15)
in C:\xampp\htdocs\notas\protected\controllers\NotebookController.php (82)
2013/10/11 12:01:55 [error] [exception.CException] exception 'CException' with message 'La propiedad "notebook"."prueba" no se encuentra definida.' in C:\xampp\htdocs\yii\framework\base\CComponent.php:130
Stack trace:
#0 C:\xampp\htdocs\yii\framework\db\ar\CActiveRecord.php(145): CComponent->__get('prueba')
#1 C:\xampp\htdocs\yii\framework\validators\CRequiredValidator.php(58): CActiveRecord->__get('prueba')
#2 C:\xampp\htdocs\yii\framework\validators\CValidator.php(213): CRequiredValidator->validateAttribute(Object(notebook), 'prueba')
#3 C:\xampp\htdocs\yii\framework\base\CModel.php(159): CValidator->validate(Object(notebook), NULL)
#4 C:\xampp\htdocs\yii\framework\db\ar\CActiveRecord.php(805): CModel->validate(NULL)
#5 C:\xampp\htdocs\notas\protected\controllers\NotebookController.php(76): CActiveRecord->save()
#6 C:\xampp\htdocs\yii\framework\web\actions\CInlineAction.php(49): NotebookController->actionCreate()
#7 C:\xampp\htdocs\yii\framework\web\CController.php(308): CInlineAction->runWithParams(Array)
#8 C:\xampp\htdocs\yii\framework\web\filters\CFilterChain.php(133): CController->runAction(Object(CInlineAction))
#9 C:\xampp\htdocs\yii\framework\web\filters\CFilter.php(40): CFilterChain->run()
#10 C:\xampp\htdocs\yii\framework\web\CController.php(1145): CFilter->filter(Object(CFilterChain))
#11 C:\xampp\htdocs\yii\framework\web\filters\CInlineFilter.php(58): CController->filterAccessControl(Object(CFilterChain))
#12 C:\xampp\htdocs\yii\framework\web\filters\CFilterChain.php(130): CInlineFilter->filter(Object(CFilterChain))
#13 C:\xampp\htdocs\yii\framework\web\CController.php(291): CFilterChain->run()
#14 C:\xampp\htdocs\yii\framework\web\CController.php(265): CController->runActionWithFilters(Object(CInlineAction), Array)
#15 C:\xampp\htdocs\yii\framework\web\CWebApplication.php(282): CController->run('create')
#16 C:\xampp\htdocs\yii\framework\web\CWebApplication.php(141): CWebApplication->runController('notebook/create')
#17 C:\xampp\htdocs\yii\framework\base\CApplication.php(180): CWebApplication->processRequest()
#18 C:\xampp\htdocs\notas\index.php(13): CApplication->run()
#19 {main}
REQUEST_URI=/notas/index.php?r=notebook/create
HTTP_REFERER=http://localhost:78/notas/index.php?r=notebook/create
---
2013/10/11 12:02:21 [error] [exception.CException] exception 'CException' with message 'La propiedad "notebook"."prueba" no se encuentra definida.' in C:\xampp\htdocs\yii\framework\base\CComponent.php:130
Stack trace:
#0 C:\xampp\htdocs\yii\framework\db\ar\CActiveRecord.php(145): CComponent->__get('prueba')
#1 C:\xampp\htdocs\yii\framework\validators\CStringValidator.php(79): CActiveRecord->__get('prueba')
#2 C:\xampp\htdocs\yii\framework\validators\CValidator.php(213): CStringValidator->validateAttribute(Object(notebook), 'prueba')
#3 C:\xampp\htdocs\yii\framework\base\CModel.php(159): CValidator->validate(Object(notebook), NULL)
#4 C:\xampp\htdocs\yii\framework\db\ar\CActiveRecord.php(805): CModel->validate(NULL)
#5 C:\xampp\htdocs\notas\protected\controllers\NotebookController.php(76): CActiveRecord->save()
#6 C:\xampp\htdocs\yii\framework\web\actions\CInlineAction.php(49): NotebookController->actionCreate()
#7 C:\xampp\htdocs\yii\framework\web\CController.php(308): CInlineAction->runWithParams(Array)
#8 C:\xampp\htdocs\yii\framework\web\filters\CFilterChain.php(133): CController->runAction(Object(CInlineAction))
#9 C:\xampp\htdocs\yii\framework\web\filters\CFilter.php(40): CFilterChain->run()
#10 C:\xampp\htdocs\yii\framework\web\CController.php(1145): CFilter->filter(Object(CFilterChain))
#11 C:\xampp\htdocs\yii\framework\web\filters\CInlineFilter.php(58): CController->filterAccessControl(Object(CFilterChain))
#12 C:\xampp\htdocs\yii\framework\web\filters\CFilterChain.php(130): CInlineFilter->filter(Object(CFilterChain))
#13 C:\xampp\htdocs\yii\framework\web\CController.php(291): CFilterChain->run()
#14 C:\xampp\htdocs\yii\framework\web\CController.php(265): CController->runActionWithFilters(Object(CInlineAction), Array)
#15 C:\xampp\htdocs\yii\framework\web\CWebApplication.php(282): CController->run('create')
#16 C:\xampp\htdocs\yii\framework\web\CWebApplication.php(141): CWebApplication->runController('notebook/create')
#17 C:\xampp\htdocs\yii\framework\base\CApplication.php(180): CWebApplication->processRequest()
#18 C:\xampp\htdocs\notas\index.php(13): CApplication->run()
#19 {main}
REQUEST_URI=/notas/index.php?r=notebook/create
HTTP_REFERER=http://localhost:78/notas/index.php?r=notebook/create
---
2013/10/11 12:03:20 [error] [exception.CException] exception 'CException' with message 'La propiedad "notebook"."1" no se encuentra definida.' in C:\xampp\htdocs\yii\framework\base\CComponent.php:130
Stack trace:
#0 C:\xampp\htdocs\yii\framework\db\ar\CActiveRecord.php(145): CComponent->__get('1')
#1 C:\xampp\htdocs\yii\framework\web\helpers\CHtml.php(2529): CActiveRecord->__get('1')
#2 C:\xampp\htdocs\yii\framework\web\helpers\CHtml.php(2252): CHtml::resolveValue(Object(notebook), '1')
#3 C:\xampp\htdocs\yii\framework\web\helpers\CHtml.php(1609): CHtml::activeInputField('hidden', Object(notebook), '1', Array)
#4 C:\xampp\htdocs\yii\framework\web\widgets\CActiveForm.php(756): CHtml::activeHiddenField(Object(notebook), '1', Array)
#5 C:\xampp\htdocs\notas\protected\views\notebook\_form.php(13): CActiveForm->hiddenField(Object(notebook), '1')
#6 C:\xampp\htdocs\yii\framework\web\CBaseController.php(126): require('C:\xampp\htdocs...')
#7 C:\xampp\htdocs\yii\framework\web\CBaseController.php(95): CBaseController->renderInternal('C:\xampp\htdocs...', Array, true)
#8 C:\xampp\htdocs\yii\framework\web\CController.php(869): CBaseController->renderFile('C:\xampp\htdocs...', Array, true)
#9 C:\xampp\htdocs\notas\protected\views\notebook\create.php(15): CController->renderPartial('_form', Array)
#10 C:\xampp\htdocs\yii\framework\web\CBaseController.php(126): require('C:\xampp\htdocs...')
#11 C:\xampp\htdocs\yii\framework\web\CBaseController.php(95): CBaseController->renderInternal('C:\xampp\htdocs...', Array, true)
#12 C:\xampp\htdocs\yii\framework\web\CController.php(869): CBaseController->renderFile('C:\xampp\htdocs...', Array, true)
#13 C:\xampp\htdocs\yii\framework\web\CController.php(782): CController->renderPartial('create', Array, true)
#14 C:\xampp\htdocs\notas\protected\controllers\NotebookController.php(82): CController->render('create', Array)
#15 C:\xampp\htdocs\yii\framework\web\actions\CInlineAction.php(49): NotebookController->actionCreate()
#16 C:\xampp\htdocs\yii\framework\web\CController.php(308): CInlineAction->runWithParams(Array)
#17 C:\xampp\htdocs\yii\framework\web\filters\CFilterChain.php(133): CController->runAction(Object(CInlineAction))
#18 C:\xampp\htdocs\yii\framework\web\filters\CFilter.php(40): CFilterChain->run()
#19 C:\xampp\htdocs\yii\framework\web\CController.php(1145): CFilter->filter(Object(CFilterChain))
#20 C:\xampp\htdocs\yii\framework\web\filters\CInlineFilter.php(58): CController->filterAccessControl(Object(CFilterChain))
#21 C:\xampp\htdocs\yii\framework\web\filters\CFilterChain.php(130): CInlineFilter->filter(Object(CFilterChain))
#22 C:\xampp\htdocs\yii\framework\web\CController.php(291): CFilterChain->run()
#23 C:\xampp\htdocs\yii\framework\web\CController.php(265): CController->runActionWithFilters(Object(CInlineAction), Array)
#24 C:\xampp\htdocs\yii\framework\web\CWebApplication.php(282): CController->run('create')
#25 C:\xampp\htdocs\yii\framework\web\CWebApplication.php(141): CWebApplication->runController('notebook/create')
#26 C:\xampp\htdocs\yii\framework\base\CApplication.php(180): CWebApplication->processRequest()
#27 C:\xampp\htdocs\notas\index.php(13): CApplication->run()
#28 {main}
REQUEST_URI=/notas/index.php?r=notebook/create
HTTP_REFERER=http://localhost:78/notas/index.php?r=notebook/create
---
2013/10/11 12:03:53 [error] [exception.CException] exception 'CException' with message 'CActiveForm y sus behaviors no tienen un método o closure llamado "Value".' in C:\xampp\htdocs\yii\framework\base\CComponent.php:266
Stack trace:
#0 [internal function]: CComponent->__call('Value', Array)
#1 C:\xampp\htdocs\notas\protected\views\notebook\_form.php(14): CActiveForm->Value(Object(notebook), '1')
#2 C:\xampp\htdocs\yii\framework\web\CBaseController.php(126): require('C:\xampp\htdocs...')
#3 C:\xampp\htdocs\yii\framework\web\CBaseController.php(95): CBaseController->renderInternal('C:\xampp\htdocs...', Array, true)
#4 C:\xampp\htdocs\yii\framework\web\CController.php(869): CBaseController->renderFile('C:\xampp\htdocs...', Array, true)
#5 C:\xampp\htdocs\notas\protected\views\notebook\create.php(15): CController->renderPartial('_form', Array)
#6 C:\xampp\htdocs\yii\framework\web\CBaseController.php(126): require('C:\xampp\htdocs...')
#7 C:\xampp\htdocs\yii\framework\web\CBaseController.php(95): CBaseController->renderInternal('C:\xampp\htdocs...', Array, true)
#8 C:\xampp\htdocs\yii\framework\web\CController.php(869): CBaseController->renderFile('C:\xampp\htdocs...', Array, true)
#9 C:\xampp\htdocs\yii\framework\web\CController.php(782): CController->renderPartial('create', Array, true)
#10 C:\xampp\htdocs\notas\protected\controllers\NotebookController.php(82): CController->render('create', Array)
#11 C:\xampp\htdocs\yii\framework\web\actions\CInlineAction.php(49): NotebookController->actionCreate()
#12 C:\xampp\htdocs\yii\framework\web\CController.php(308): CInlineAction->runWithParams(Array)
#13 C:\xampp\htdocs\yii\framework\web\filters\CFilterChain.php(133): CController->runAction(Object(CInlineAction))
#14 C:\xampp\htdocs\yii\framework\web\filters\CFilter.php(40): CFilterChain->run()
#15 C:\xampp\htdocs\yii\framework\web\CController.php(1145): CFilter->filter(Object(CFilterChain))
#16 C:\xampp\htdocs\yii\framework\web\filters\CInlineFilter.php(58): CController->filterAccessControl(Object(CFilterChain))
#17 C:\xampp\htdocs\yii\framework\web\filters\CFilterChain.php(130): CInlineFilter->filter(Object(CFilterChain))
#18 C:\xampp\htdocs\yii\framework\web\CController.php(291): CFilterChain->run()
#19 C:\xampp\htdocs\yii\framework\web\CController.php(265): CController->runActionWithFilters(Object(CInlineAction), Array)
#20 C:\xampp\htdocs\yii\framework\web\CWebApplication.php(282): CController->run('create')
#21 C:\xampp\htdocs\yii\framework\web\CWebApplication.php(141): CWebApplication->runController('notebook/create')
#22 C:\xampp\htdocs\yii\framework\base\CApplication.php(180): CWebApplication->processRequest()
#23 C:\xampp\htdocs\notas\index.php(13): CApplication->run()
#24 {main}
REQUEST_URI=/notas/index.php?r=notebook/create
HTTP_REFERER=http://localhost:78/notas/index.php?r=notebook/create
---
2013/10/11 12:04:25 [error] [exception.CException] exception 'CException' with message 'CActiveForm y sus behaviors no tienen un método o closure llamado "value".' in C:\xampp\htdocs\yii\framework\base\CComponent.php:266
Stack trace:
#0 [internal function]: CComponent->__call('value', Array)
#1 C:\xampp\htdocs\notas\protected\views\notebook\_form.php(14): CActiveForm->value(Object(notebook), '1')
#2 C:\xampp\htdocs\yii\framework\web\CBaseController.php(126): require('C:\xampp\htdocs...')
#3 C:\xampp\htdocs\yii\framework\web\CBaseController.php(95): CBaseController->renderInternal('C:\xampp\htdocs...', Array, true)
#4 C:\xampp\htdocs\yii\framework\web\CController.php(869): CBaseController->renderFile('C:\xampp\htdocs...', Array, true)
#5 C:\xampp\htdocs\notas\protected\views\notebook\create.php(15): CController->renderPartial('_form', Array)
#6 C:\xampp\htdocs\yii\framework\web\CBaseController.php(126): require('C:\xampp\htdocs...')
#7 C:\xampp\htdocs\yii\framework\web\CBaseController.php(95): CBaseController->renderInternal('C:\xampp\htdocs...', Array, true)
#8 C:\xampp\htdocs\yii\framework\web\CController.php(869): CBaseController->renderFile('C:\xampp\htdocs...', Array, true)
#9 C:\xampp\htdocs\yii\framework\web\CController.php(782): CController->renderPartial('create', Array, true)
#10 C:\xampp\htdocs\notas\protected\controllers\NotebookController.php(82): CController->render('create', Array)
#11 C:\xampp\htdocs\yii\framework\web\actions\CInlineAction.php(49): NotebookController->actionCreate()
#12 C:\xampp\htdocs\yii\framework\web\CController.php(308): CInlineAction->runWithParams(Array)
#13 C:\xampp\htdocs\yii\framework\web\filters\CFilterChain.php(133): CController->runAction(Object(CInlineAction))
#14 C:\xampp\htdocs\yii\framework\web\filters\CFilter.php(40): CFilterChain->run()
#15 C:\xampp\htdocs\yii\framework\web\CController.php(1145): CFilter->filter(Object(CFilterChain))
#16 C:\xampp\htdocs\yii\framework\web\filters\CInlineFilter.php(58): CController->filterAccessControl(Object(CFilterChain))
#17 C:\xampp\htdocs\yii\framework\web\filters\CFilterChain.php(130): CInlineFilter->filter(Object(CFilterChain))
#18 C:\xampp\htdocs\yii\framework\web\CController.php(291): CFilterChain->run()
#19 C:\xampp\htdocs\yii\framework\web\CController.php(265): CController->runActionWithFilters(Object(CInlineAction), Array)
#20 C:\xampp\htdocs\yii\framework\web\CWebApplication.php(282): CController->run('create')
#21 C:\xampp\htdocs\yii\framework\web\CWebApplication.php(141): CWebApplication->runController('notebook/create')
#22 C:\xampp\htdocs\yii\framework\base\CApplication.php(180): CWebApplication->processRequest()
#23 C:\xampp\htdocs\notas\index.php(13): CApplication->run()
#24 {main}
REQUEST_URI=/notas/index.php?r=notebook/create
HTTP_REFERER=http://localhost:78/notas/index.php?r=notebook/create
---
2013/10/11 12:04:40 [error] [exception.CException] exception 'CException' with message 'CActiveForm y sus behaviors no tienen un método o closure llamado "valueField".' in C:\xampp\htdocs\yii\framework\base\CComponent.php:266
Stack trace:
#0 [internal function]: CComponent->__call('valueField', Array)
#1 C:\xampp\htdocs\notas\protected\views\notebook\_form.php(14): CActiveForm->valueField(Object(notebook), '1')
#2 C:\xampp\htdocs\yii\framework\web\CBaseController.php(126): require('C:\xampp\htdocs...')
#3 C:\xampp\htdocs\yii\framework\web\CBaseController.php(95): CBaseController->renderInternal('C:\xampp\htdocs...', Array, true)
#4 C:\xampp\htdocs\yii\framework\web\CController.php(869): CBaseController->renderFile('C:\xampp\htdocs...', Array, true)
#5 C:\xampp\htdocs\notas\protected\views\notebook\create.php(15): CController->renderPartial('_form', Array)
#6 C:\xampp\htdocs\yii\framework\web\CBaseController.php(126): require('C:\xampp\htdocs...')
#7 C:\xampp\htdocs\yii\framework\web\CBaseController.php(95): CBaseController->renderInternal('C:\xampp\htdocs...', Array, true)
#8 C:\xampp\htdocs\yii\framework\web\CController.php(869): CBaseController->renderFile('C:\xampp\htdocs...', Array, true)
#9 C:\xampp\htdocs\yii\framework\web\CController.php(782): CController->renderPartial('create', Array, true)
#10 C:\xampp\htdocs\notas\protected\controllers\NotebookController.php(82): CController->render('create', Array)
#11 C:\xampp\htdocs\yii\framework\web\actions\CInlineAction.php(49): NotebookController->actionCreate()
#12 C:\xampp\htdocs\yii\framework\web\CController.php(308): CInlineAction->runWithParams(Array)
#13 C:\xampp\htdocs\yii\framework\web\filters\CFilterChain.php(133): CController->runAction(Object(CInlineAction))
#14 C:\xampp\htdocs\yii\framework\web\filters\CFilter.php(40): CFilterChain->run()
#15 C:\xampp\htdocs\yii\framework\web\CController.php(1145): CFilter->filter(Object(CFilterChain))
#16 C:\xampp\htdocs\yii\framework\web\filters\CInlineFilter.php(58): CController->filterAccessControl(Object(CFilterChain))
#17 C:\xampp\htdocs\yii\framework\web\filters\CFilterChain.php(130): CInlineFilter->filter(Object(CFilterChain))
#18 C:\xampp\htdocs\yii\framework\web\CController.php(291): CFilterChain->run()
#19 C:\xampp\htdocs\yii\framework\web\CController.php(265): CController->runActionWithFilters(Object(CInlineAction), Array)
#20 C:\xampp\htdocs\yii\framework\web\CWebApplication.php(282): CController->run('create')
#21 C:\xampp\htdocs\yii\framework\web\CWebApplication.php(141): CWebApplication->runController('notebook/create')
#22 C:\xampp\htdocs\yii\framework\base\CApplication.php(180): CWebApplication->processRequest()
#23 C:\xampp\htdocs\notas\index.php(13): CApplication->run()
#24 {main}
REQUEST_URI=/notas/index.php?r=notebook/create
HTTP_REFERER=http://localhost:78/notas/index.php?r=notebook/create
---
2013/10/11 12:07:49 [error] [exception.CException] exception 'CException' with message 'La propiedad "notebook"."1" no se encuentra definida.' in C:\xampp\htdocs\yii\framework\base\CComponent.php:130
Stack trace:
#0 C:\xampp\htdocs\yii\framework\db\ar\CActiveRecord.php(145): CComponent->__get('1')
#1 C:\xampp\htdocs\yii\framework\web\helpers\CHtml.php(2529): CActiveRecord->__get('1')
#2 C:\xampp\htdocs\yii\framework\web\helpers\CHtml.php(2252): CHtml::resolveValue(Object(notebook), 1)
#3 C:\xampp\htdocs\yii\framework\web\helpers\CHtml.php(1609): CHtml::activeInputField('hidden', Object(notebook), 1, Array)
#4 C:\xampp\htdocs\yii\framework\web\widgets\CActiveForm.php(756): CHtml::activeHiddenField(Object(notebook), 1, Array)
#5 C:\xampp\htdocs\notas\protected\views\notebook\_form.php(13): CActiveForm->hiddenField(Object(notebook), 1)
#6 C:\xampp\htdocs\yii\framework\web\CBaseController.php(126): require('C:\xampp\htdocs...')
#7 C:\xampp\htdocs\yii\framework\web\CBaseController.php(95): CBaseController->renderInternal('C:\xampp\htdocs...', Array, true)
#8 C:\xampp\htdocs\yii\framework\web\CController.php(869): CBaseController->renderFile('C:\xampp\htdocs...', Array, true)
#9 C:\xampp\htdocs\notas\protected\views\notebook\create.php(15): CController->renderPartial('_form', Array)
#10 C:\xampp\htdocs\yii\framework\web\CBaseController.php(126): require('C:\xampp\htdocs...')
#11 C:\xampp\htdocs\yii\framework\web\CBaseController.php(95): CBaseController->renderInternal('C:\xampp\htdocs...', Array, true)
#12 C:\xampp\htdocs\yii\framework\web\CController.php(869): CBaseController->renderFile('C:\xampp\htdocs...', Array, true)
#13 C:\xampp\htdocs\yii\framework\web\CController.php(782): CController->renderPartial('create', Array, true)
#14 C:\xampp\htdocs\notas\protected\controllers\NotebookController.php(82): CController->render('create', Array)
#15 C:\xampp\htdocs\yii\framework\web\actions\CInlineAction.php(49): NotebookController->actionCreate()
#16 C:\xampp\htdocs\yii\framework\web\CController.php(308): CInlineAction->runWithParams(Array)
#17 C:\xampp\htdocs\yii\framework\web\filters\CFilterChain.php(133): CController->runAction(Object(CInlineAction))
#18 C:\xampp\htdocs\yii\framework\web\filters\CFilter.php(40): CFilterChain->run()
#19 C:\xampp\htdocs\yii\framework\web\CController.php(1145): CFilter->filter(Object(CFilterChain))
#20 C:\xampp\htdocs\yii\framework\web\filters\CInlineFilter.php(58): CController->filterAccessControl(Object(CFilterChain))
#21 C:\xampp\htdocs\yii\framework\web\filters\CFilterChain.php(130): CInlineFilter->filter(Object(CFilterChain))
#22 C:\xampp\htdocs\yii\framework\web\CController.php(291): CFilterChain->run()
#23 C:\xampp\htdocs\yii\framework\web\CController.php(265): CController->runActionWithFilters(Object(CInlineAction), Array)
#24 C:\xampp\htdocs\yii\framework\web\CWebApplication.php(282): CController->run('create')
#25 C:\xampp\htdocs\yii\framework\web\CWebApplication.php(141): CWebApplication->runController('notebook/create')
#26 C:\xampp\htdocs\yii\framework\base\CApplication.php(180): CWebApplication->processRequest()
#27 C:\xampp\htdocs\notas\index.php(13): CApplication->run()
#28 {main}
REQUEST_URI=/notas/index.php?r=notebook/create
HTTP_REFERER=http://localhost:78/notas/index.php?r=notebook/create
---
2013/10/11 12:11:02 [error] [php] Object of class notebook could not be converted to string (C:\xampp\htdocs\yii\framework\web\helpers\CHtml.php:2477)
Stack trace:
#0 C:\xampp\htdocs\yii\framework\web\helpers\CHtml.php(1608): resolveNameID()
#1 C:\xampp\htdocs\yii\framework\web\widgets\CActiveForm.php(756): activeHiddenField()
#2 C:\xampp\htdocs\notas\protected\views\notebook\_form.php(13): CActiveForm->hiddenField()
#3 C:\xampp\htdocs\yii\framework\web\CBaseController.php(126): require()
#4 C:\xampp\htdocs\yii\framework\web\CBaseController.php(95): NotebookController->renderInternal()
#5 C:\xampp\htdocs\yii\framework\web\CController.php(869): NotebookController->renderFile()
#6 C:\xampp\htdocs\notas\protected\views\notebook\create.php(15): NotebookController->renderPartial()
#7 C:\xampp\htdocs\yii\framework\web\CBaseController.php(126): require()
#8 C:\xampp\htdocs\yii\framework\web\CBaseController.php(95): NotebookController->renderInternal()
#9 C:\xampp\htdocs\yii\framework\web\CController.php(869): NotebookController->renderFile()
#10 C:\xampp\htdocs\yii\framework\web\CController.php(782): NotebookController->renderPartial()
#11 C:\xampp\htdocs\notas\protected\controllers\NotebookController.php(82): NotebookController->render()
#12 C:\xampp\htdocs\yii\framework\web\actions\CInlineAction.php(49): NotebookController->actionCreate()
#13 C:\xampp\htdocs\yii\framework\web\CController.php(308): CInlineAction->runWithParams()
#14 C:\xampp\htdocs\yii\framework\web\filters\CFilterChain.php(133): NotebookController->runAction()
#15 C:\xampp\htdocs\yii\framework\web\filters\CFilter.php(40): CFilterChain->run()
#16 C:\xampp\htdocs\yii\framework\web\CController.php(1145): CAccessControlFilter->filter()
#17 C:\xampp\htdocs\yii\framework\web\filters\CInlineFilter.php(58): NotebookController->filterAccessControl()
#18 C:\xampp\htdocs\yii\framework\web\filters\CFilterChain.php(130): CInlineFilter->filter()
#19 C:\xampp\htdocs\yii\framework\web\CController.php(291): CFilterChain->run()
#20 C:\xampp\htdocs\yii\framework\web\CController.php(265): NotebookController->runActionWithFilters()
#21 C:\xampp\htdocs\yii\framework\web\CWebApplication.php(282): NotebookController->run()
#22 C:\xampp\htdocs\yii\framework\web\CWebApplication.php(141): CWebApplication->runController()
#23 C:\xampp\htdocs\yii\framework\base\CApplication.php(180): CWebApplication->processRequest()
#24 C:\xampp\htdocs\notas\index.php(13): CWebApplication->run()
REQUEST_URI=/notas/index.php?r=notebook/create
in C:\xampp\htdocs\notas\protected\views\notebook\_form.php (13)
in C:\xampp\htdocs\notas\protected\views\notebook\create.php (15)
in C:\xampp\htdocs\notas\protected\controllers\NotebookController.php (82)
2013/10/11 12:11:13 [error] [exception.CException] exception 'CException' with message 'La propiedad "notebook"."1" no se encuentra definida.' in C:\xampp\htdocs\yii\framework\base\CComponent.php:130
Stack trace:
#0 C:\xampp\htdocs\yii\framework\db\ar\CActiveRecord.php(145): CComponent->__get('1')
#1 C:\xampp\htdocs\yii\framework\web\helpers\CHtml.php(2529): CActiveRecord->__get('1')
#2 C:\xampp\htdocs\yii\framework\web\helpers\CHtml.php(2252): CHtml::resolveValue(Object(notebook), 1)
#3 C:\xampp\htdocs\yii\framework\web\helpers\CHtml.php(1609): CHtml::activeInputField('hidden', Object(notebook), 1, Array)
#4 C:\xampp\htdocs\yii\framework\web\widgets\CActiveForm.php(756): CHtml::activeHiddenField(Object(notebook), 1, Array)
#5 C:\xampp\htdocs\notas\protected\views\notebook\_form.php(13): CActiveForm->hiddenField(Object(notebook), 1)
#6 C:\xampp\htdocs\yii\framework\web\CBaseController.php(126): require('C:\xampp\htdocs...')
#7 C:\xampp\htdocs\yii\framework\web\CBaseController.php(95): CBaseController->renderInternal('C:\xampp\htdocs...', Array, true)
#8 C:\xampp\htdocs\yii\framework\web\CController.php(869): CBaseController->renderFile('C:\xampp\htdocs...', Array, true)
#9 C:\xampp\htdocs\notas\protected\views\notebook\create.php(15): CController->renderPartial('_form', Array)
#10 C:\xampp\htdocs\yii\framework\web\CBaseController.php(126): require('C:\xampp\htdocs...')
#11 C:\xampp\htdocs\yii\framework\web\CBaseController.php(95): CBaseController->renderInternal('C:\xampp\htdocs...', Array, true)
#12 C:\xampp\htdocs\yii\framework\web\CController.php(869): CBaseController->renderFile('C:\xampp\htdocs...', Array, true)
#13 C:\xampp\htdocs\yii\framework\web\CController.php(782): CController->renderPartial('create', Array, true)
#14 C:\xampp\htdocs\notas\protected\controllers\NotebookController.php(82): CController->render('create', Array)
#15 C:\xampp\htdocs\yii\framework\web\actions\CInlineAction.php(49): NotebookController->actionCreate()
#16 C:\xampp\htdocs\yii\framework\web\CController.php(308): CInlineAction->runWithParams(Array)
#17 C:\xampp\htdocs\yii\framework\web\filters\CFilterChain.php(133): CController->runAction(Object(CInlineAction))
#18 C:\xampp\htdocs\yii\framework\web\filters\CFilter.php(40): CFilterChain->run()
#19 C:\xampp\htdocs\yii\framework\web\CController.php(1145): CFilter->filter(Object(CFilterChain))
#20 C:\xampp\htdocs\yii\framework\web\filters\CInlineFilter.php(58): CController->filterAccessControl(Object(CFilterChain))
#21 C:\xampp\htdocs\yii\framework\web\filters\CFilterChain.php(130): CInlineFilter->filter(Object(CFilterChain))
#22 C:\xampp\htdocs\yii\framework\web\CController.php(291): CFilterChain->run()
#23 C:\xampp\htdocs\yii\framework\web\CController.php(265): CController->runActionWithFilters(Object(CInlineAction), Array)
#24 C:\xampp\htdocs\yii\framework\web\CWebApplication.php(282): CController->run('create')
#25 C:\xampp\htdocs\yii\framework\web\CWebApplication.php(141): CWebApplication->runController('notebook/create')
#26 C:\xampp\htdocs\yii\framework\base\CApplication.php(180): CWebApplication->processRequest()
#27 C:\xampp\htdocs\notas\index.php(13): CApplication->run()
#28 {main}
REQUEST_URI=/notas/index.php?r=notebook/create
HTTP_REFERER=http://localhost:78/notas/index.php?r=notebook/create
---
2013/10/11 12:45:40 [error] [exception.CException] exception 'CException' with message 'La propiedad "notebook"."nws_publish_date" no se encuentra definida.' in C:\xampp\htdocs\yii\framework\base\CComponent.php:130
Stack trace:
#0 C:\xampp\htdocs\yii\framework\db\ar\CActiveRecord.php(145): CComponent->__get('nws_publish_dat...')
#1 C:\xampp\htdocs\yii\framework\web\helpers\CHtml.php(2529): CActiveRecord->__get('nws_publish_dat...')
#2 C:\xampp\htdocs\yii\framework\web\helpers\CHtml.php(2252): CHtml::resolveValue(Object(notebook), 'nws_publish_dat...')
#3 C:\xampp\htdocs\yii\framework\web\helpers\CHtml.php(1434): CHtml::activeInputField('text', Object(notebook), 'nws_publish_dat...', Array)
#4 C:\xampp\htdocs\yii\framework\zii\widgets\jui\CJuiDatePicker.php(84): CHtml::activeTextField(Object(notebook), 'nws_publish_dat...', Array)
#5 C:\xampp\htdocs\yii\framework\web\CBaseController.php(173): CJuiDatePicker->run()
#6 C:\xampp\htdocs\notas\protected\views\notebook\_search.php(39): CBaseController->widget('zii.widgets.jui...', Array)
#7 C:\xampp\htdocs\yii\framework\web\CBaseController.php(126): require('C:\xampp\htdocs...')
#8 C:\xampp\htdocs\yii\framework\web\CBaseController.php(95): CBaseController->renderInternal('C:\xampp\htdocs...', Array, true)
#9 C:\xampp\htdocs\yii\framework\web\CController.php(869): CBaseController->renderFile('C:\xampp\htdocs...', Array, true)
#10 C:\xampp\htdocs\notas\protected\views\notebook\admin.php(37): CController->renderPartial('_search', Array)
#11 C:\xampp\htdocs\yii\framework\web\CBaseController.php(126): require('C:\xampp\htdocs...')
#12 C:\xampp\htdocs\yii\framework\web\CBaseController.php(95): CBaseController->renderInternal('C:\xampp\htdocs...', Array, true)
#13 C:\xampp\htdocs\yii\framework\web\CController.php(869): CBaseController->renderFile('C:\xampp\htdocs...', Array, true)
#14 C:\xampp\htdocs\yii\framework\web\CController.php(782): CController->renderPartial('admin', Array, true)
#15 C:\xampp\htdocs\notas\protected\controllers\NotebookController.php(150): CController->render('admin', Array)
#16 C:\xampp\htdocs\yii\framework\web\actions\CInlineAction.php(49): NotebookController->actionAdmin()
#17 C:\xampp\htdocs\yii\framework\web\CController.php(308): CInlineAction->runWithParams(Array)
#18 C:\xampp\htdocs\yii\framework\web\filters\CFilterChain.php(133): CController->runAction(Object(CInlineAction))
#19 C:\xampp\htdocs\yii\framework\web\filters\CFilter.php(40): CFilterChain->run()
#20 C:\xampp\htdocs\yii\framework\web\CController.php(1145): CFilter->filter(Object(CFilterChain))
#21 C:\xampp\htdocs\yii\framework\web\filters\CInlineFilter.php(58): CController->filterAccessControl(Object(CFilterChain))
#22 C:\xampp\htdocs\yii\framework\web\filters\CFilterChain.php(130): CInlineFilter->filter(Object(CFilterChain))
#23 C:\xampp\htdocs\yii\framework\web\CController.php(291): CFilterChain->run()
#24 C:\xampp\htdocs\yii\framework\web\CController.php(265): CController->runActionWithFilters(Object(CInlineAction), Array)
#25 C:\xampp\htdocs\yii\framework\web\CWebApplication.php(282): CController->run('admin')
#26 C:\xampp\htdocs\yii\framework\web\CWebApplication.php(141): CWebApplication->runController('notebook/admin')
#27 C:\xampp\htdocs\yii\framework\base\CApplication.php(180): CWebApplication->processRequest()
#28 C:\xampp\htdocs\notas\index.php(13): CApplication->run()
#29 {main}
REQUEST_URI=/notas/index.php?r=notebook/admin
HTTP_REFERER=http://localhost:78/notas/index.php?r=notebook/view&id=2
---
